<?xml version="1.0" encoding="UTF-8"?>
<!-- Generated by org.testng.reporters.JUnitXMLReporter -->
<testsuite hostname="PBLAP563" name="Test Maven Testing" tests="8" failures="0" timestamp="6 Apr 2018 10:53:10 GMT" time="0.037" errors="0">
  <testcase name="Div" time="0.011" classname="com.qa.test.DemoTest"/>
  <testcase name="Mul" time="0.0" classname="com.qa.test.DemoTest"/>
  <testcase name="Sub" time="0.001" classname="com.qa.test.DemoTest"/>
  <testcase name="Sum" time="0.001" classname="com.qa.test.DemoTest"/>
  <testcase name="Div" time="0.001" classname="com.qa.test.DemoTest2"/>
  <testcase name="Mul" time="0.001" classname="com.qa.test.DemoTest2"/>
  <testcase name="Sub" time="0.0" classname="com.qa.test.DemoTest2"/>
  <testcase name="Sum" time="0.0" classname="com.qa.test.DemoTest2"/>
</testsuite> <!-- Test Maven Testing -->
