<?xml version="1.0" encoding="UTF-8"?>
<testng-results skipped="0" failed="0" total="4" passed="4">
  <reporter-output>
  </reporter-output>
  <suite name="com.qa.test.DemoTest" duration-ms="46" started-at="2018-04-05T12:58:59Z" finished-at="2018-04-05T12:58:59Z">
    <groups>
    </groups>
    <test name="Command line test" duration-ms="46" started-at="2018-04-05T12:58:59Z" finished-at="2018-04-05T12:58:59Z">
      <class name="com.qa.test.DemoTest">
        <test-method status="PASS" signature="Div()[pri:0, instance:com.qa.test.DemoTest@7e0ea639]" name="Div" duration-ms="19" started-at="2018-04-05T18:28:59Z" finished-at="2018-04-05T18:28:59Z">
          <reporter-output>
          </reporter-output>
        </test-method> <!-- Div -->
        <test-method status="PASS" signature="Mul()[pri:0, instance:com.qa.test.DemoTest@7e0ea639]" name="Mul" duration-ms="4" started-at="2018-04-05T18:28:59Z" finished-at="2018-04-05T18:28:59Z">
          <reporter-output>
          </reporter-output>
        </test-method> <!-- Mul -->
        <test-method status="PASS" signature="Sub()[pri:0, instance:com.qa.test.DemoTest@7e0ea639]" name="Sub" duration-ms="0" started-at="2018-04-05T18:28:59Z" finished-at="2018-04-05T18:28:59Z">
          <reporter-output>
          </reporter-output>
        </test-method> <!-- Sub -->
        <test-method status="PASS" signature="Sum()[pri:0, instance:com.qa.test.DemoTest@7e0ea639]" name="Sum" duration-ms="0" started-at="2018-04-05T18:28:59Z" finished-at="2018-04-05T18:28:59Z">
          <reporter-output>
          </reporter-output>
        </test-method> <!-- Sum -->
      </class> <!-- com.qa.test.DemoTest -->
    </test> <!-- Command line test -->
  </suite> <!-- com.qa.test.DemoTest -->
</testng-results>
