<?xml version="1.0" encoding="UTF-8"?>
<testng-results skipped="0" failed="0" total="8" passed="8">
  <reporter-output>
  </reporter-output>
  <suite name="Test Maven Suite" duration-ms="37" started-at="2018-04-06T10:53:10Z" finished-at="2018-04-06T10:53:10Z">
    <groups>
    </groups>
    <test name="Test Maven Testing" duration-ms="37" started-at="2018-04-06T10:53:10Z" finished-at="2018-04-06T10:53:10Z">
      <class name="com.qa.test.DemoTest">
        <test-method status="PASS" signature="Div()[pri:0, instance:com.qa.test.DemoTest@38082d64]" name="Div" duration-ms="11" started-at="2018-04-06T16:23:10Z" finished-at="2018-04-06T16:23:10Z">
          <reporter-output>
          </reporter-output>
        </test-method> <!-- Div -->
        <test-method status="PASS" signature="Mul()[pri:0, instance:com.qa.test.DemoTest@38082d64]" name="Mul" duration-ms="0" started-at="2018-04-06T16:23:10Z" finished-at="2018-04-06T16:23:10Z">
          <reporter-output>
          </reporter-output>
        </test-method> <!-- Mul -->
        <test-method status="PASS" signature="Sub()[pri:0, instance:com.qa.test.DemoTest@38082d64]" name="Sub" duration-ms="1" started-at="2018-04-06T16:23:10Z" finished-at="2018-04-06T16:23:10Z">
          <reporter-output>
          </reporter-output>
        </test-method> <!-- Sub -->
        <test-method status="PASS" signature="Sum()[pri:0, instance:com.qa.test.DemoTest@38082d64]" name="Sum" duration-ms="1" started-at="2018-04-06T16:23:10Z" finished-at="2018-04-06T16:23:10Z">
          <reporter-output>
          </reporter-output>
        </test-method> <!-- Sum -->
      </class> <!-- com.qa.test.DemoTest -->
      <class name="com.qa.test.DemoTest2">
        <test-method status="PASS" signature="Div()[pri:0, instance:com.qa.test.DemoTest2@1554909b]" name="Div" duration-ms="1" started-at="2018-04-06T16:23:10Z" finished-at="2018-04-06T16:23:10Z">
          <reporter-output>
          </reporter-output>
        </test-method> <!-- Div -->
        <test-method status="PASS" signature="Mul()[pri:0, instance:com.qa.test.DemoTest2@1554909b]" name="Mul" duration-ms="1" started-at="2018-04-06T16:23:10Z" finished-at="2018-04-06T16:23:10Z">
          <reporter-output>
          </reporter-output>
        </test-method> <!-- Mul -->
        <test-method status="PASS" signature="Sub()[pri:0, instance:com.qa.test.DemoTest2@1554909b]" name="Sub" duration-ms="0" started-at="2018-04-06T16:23:10Z" finished-at="2018-04-06T16:23:10Z">
          <reporter-output>
          </reporter-output>
        </test-method> <!-- Sub -->
        <test-method status="PASS" signature="Sum()[pri:0, instance:com.qa.test.DemoTest2@1554909b]" name="Sum" duration-ms="0" started-at="2018-04-06T16:23:10Z" finished-at="2018-04-06T16:23:10Z">
          <reporter-output>
          </reporter-output>
        </test-method> <!-- Sum -->
      </class> <!-- com.qa.test.DemoTest2 -->
    </test> <!-- Test Maven Testing -->
  </suite> <!-- Test Maven Suite -->
</testng-results>
